<?xml version="1.0" encoding="UTF-8"?>
<!-- Generated by org.testng.reporters.JUnitXMLReporter -->
<testsuite ignored="0" hostname="LAPTOP-6HC65ICG" failures="0" tests="3" name="Default test" time="71.545" errors="0" timestamp="2021-01-20T20:04:00 IST">
  <testcase classname="ExcelUtilsp.ExcelDataProvider" name="test1" time="24.348"/>
  <testcase classname="ExcelUtilsp.ExcelDataProvider" name="test1" time="4.188"/>
  <testcase classname="ExcelUtilsp.ExcelDataProvider" name="test1" time="4.852"/>
</testsuite> <!-- Default test -->
